<?xml version="1.0" encoding="UTF-8"?>
<testsuite name="com.kodilla.patterns.singleton.LoggerTestSuite" tests="1" skipped="0" failures="0" errors="0" timestamp="2018-08-17T19:48:54" hostname="LAPTOP-C2K5FBPC" time="0.0">
  <properties/>
  <testcase name="testGetFileName" classname="com.kodilla.patterns.singleton.LoggerTestSuite" time="0.0"/>
  <system-out><![CDATA[Log: [some log]
]]></system-out>
  <system-err><![CDATA[]]></system-err>
</testsuite>
